[19-Jul-2024 19:47:07 UTC] Registered REST API routes for chat/v1
[19-Jul-2024 19:47:07 UTC] Fetching chat rooms...
[19-Jul-2024 19:47:07 UTC] Fetched chat rooms: [{"id":"32","created_by":"","created_at":"2024-07-19 14:14:20"},{"id":"31","created_by":"","created_at":"2024-07-19 14:00:46"},{"id":"30","created_by":"","created_at":"2024-07-19 14:00:09"},{"id":"29","created_by":"","created_at":"2024-07-19 13:51:31"},{"id":"28","created_by":"","created_at":"2024-07-19 13:47:59"},{"id":"27","created_by":"","created_at":"2024-07-19 13:42:52"},{"id":"26","created_by":"","created_at":"2024-07-19 13:36:30"},{"id":"25","created_by":"","created_at":"2024-07-19 13:30:10"},{"id":"24","created_by":"","created_at":"2024-07-19 13:29:28"},{"id":"23","created_by":"","created_at":"2024-07-19 11:10:53"},{"id":"22","created_by":"","created_at":"2024-07-19 10:57:55"},{"id":"21","created_by":"","created_at":"2024-07-19 10:22:22"},{"id":"20","created_by":"","created_at":"2024-07-19 10:03:37"},{"id":"19","created_by":"","created_at":"2024-07-18 18:50:44"},{"id":"18","created_by":"","created_at":"2024-07-18 18:37:05"},{"id":"17","created_by":"","created_at":"2024-07-18 18:08:28"},{"id":"16","created_by":"","created_at":"2024-07-18 17:57:54"},{"id":"15","created_by":"","created_at":"2024-07-18 17:55:52"},{"id":"14","created_by":"","created_at":"2024-07-18 17:39:22"},{"id":"13","created_by":"","created_at":"2024-07-18 17:37:52"},{"id":"12","created_by":"","created_at":"2024-07-18 17:37:20"},{"id":"11","created_by":"","created_at":"2024-07-18 17:24:12"},{"id":"10","created_by":"","created_at":"2024-07-18 17:18:23"},{"id":"9","created_by":"","created_at":"2024-07-18 17:16:01"},{"id":"8","created_by":"","created_at":"2024-07-18 08:28:39"},{"id":"7","created_by":"","created_at":"2024-07-17 21:22:21"},{"id":"6","created_by":"","created_at":"2024-07-17 21:12:33"},{"id":"5","created_by":"","created_at":"2024-07-17 20:40:29"},{"id":"4","created_by":"","created_at":"2024-07-17 20:37:49"},{"id":"3","created_by":"","created_at":"2024-07-17 20:33:03"},{"id":"2","created_by":"","created_at":"2024-07-17 20:27:52"},{"id":"1","created_by":"","created_at":"2024-07-17 20:26:30"}]
[19-Jul-2024 19:47:10 UTC] Current URL: https://juchheim.local/chat
[19-Jul-2024 19:47:10 UTC] Enqueuing script: main.js
[19-Jul-2024 19:47:10 UTC] User logged in, displaying chat app.
[19-Jul-2024 19:47:15 UTC] Current URL: https://juchheim.local/chat
[19-Jul-2024 19:47:15 UTC] Enqueuing script: main.js
[19-Jul-2024 19:47:16 UTC] User logged in, displaying chat app.
[19-Jul-2024 19:51:35 UTC] Registered REST API routes for chat/v1
[19-Jul-2024 19:51:35 UTC] Fetching chat rooms...
[19-Jul-2024 19:51:35 UTC] Fetched chat rooms: [{"id":"32","created_by":"","created_at":"2024-07-19 14:14:20"},{"id":"31","created_by":"","created_at":"2024-07-19 14:00:46"},{"id":"30","created_by":"","created_at":"2024-07-19 14:00:09"},{"id":"29","created_by":"","created_at":"2024-07-19 13:51:31"},{"id":"28","created_by":"","created_at":"2024-07-19 13:47:59"},{"id":"27","created_by":"","created_at":"2024-07-19 13:42:52"},{"id":"26","created_by":"","created_at":"2024-07-19 13:36:30"},{"id":"25","created_by":"","created_at":"2024-07-19 13:30:10"},{"id":"24","created_by":"","created_at":"2024-07-19 13:29:28"},{"id":"23","created_by":"","created_at":"2024-07-19 11:10:53"},{"id":"22","created_by":"","created_at":"2024-07-19 10:57:55"},{"id":"21","created_by":"","created_at":"2024-07-19 10:22:22"},{"id":"20","created_by":"","created_at":"2024-07-19 10:03:37"},{"id":"19","created_by":"","created_at":"2024-07-18 18:50:44"},{"id":"18","created_by":"","created_at":"2024-07-18 18:37:05"},{"id":"17","created_by":"","created_at":"2024-07-18 18:08:28"},{"id":"16","created_by":"","created_at":"2024-07-18 17:57:54"},{"id":"15","created_by":"","created_at":"2024-07-18 17:55:52"},{"id":"14","created_by":"","created_at":"2024-07-18 17:39:22"},{"id":"13","created_by":"","created_at":"2024-07-18 17:37:52"},{"id":"12","created_by":"","created_at":"2024-07-18 17:37:20"},{"id":"11","created_by":"","created_at":"2024-07-18 17:24:12"},{"id":"10","created_by":"","created_at":"2024-07-18 17:18:23"},{"id":"9","created_by":"","created_at":"2024-07-18 17:16:01"},{"id":"8","created_by":"","created_at":"2024-07-18 08:28:39"},{"id":"7","created_by":"","created_at":"2024-07-17 21:22:21"},{"id":"6","created_by":"","created_at":"2024-07-17 21:12:33"},{"id":"5","created_by":"","created_at":"2024-07-17 20:40:29"},{"id":"4","created_by":"","created_at":"2024-07-17 20:37:49"},{"id":"3","created_by":"","created_at":"2024-07-17 20:33:03"},{"id":"2","created_by":"","created_at":"2024-07-17 20:27:52"},{"id":"1","created_by":"","created_at":"2024-07-17 20:26:30"}]
[19-Jul-2024 19:51:38 UTC] Current URL: https://juchheim.local/chat
[19-Jul-2024 19:51:38 UTC] Enqueuing script: main.js
[19-Jul-2024 19:51:38 UTC] User logged in, displaying chat app.
[19-Jul-2024 19:51:41 UTC] Registered REST API routes for chat/v1
[19-Jul-2024 19:51:41 UTC] Creating new chat room...
[19-Jul-2024 19:51:41 UTC] Created new chat room: 33
[19-Jul-2024 19:51:41 UTC] Registered REST API routes for chat/v1
[19-Jul-2024 19:51:41 UTC] Fetching chat messages...
[19-Jul-2024 19:51:41 UTC] Fetched messages: []
[19-Jul-2024 19:51:46 UTC] Registered REST API routes for chat/v1
[19-Jul-2024 19:51:46 UTC] Fetching chat messages...
[19-Jul-2024 19:51:46 UTC] Fetched messages: []
[19-Jul-2024 19:51:46 UTC] Registered REST API routes for chat/v1
[19-Jul-2024 19:51:46 UTC] Sending message to room: 33 User: juchheim
[19-Jul-2024 19:51:46 UTC] Sent message ID: 57
[19-Jul-2024 19:51:51 UTC] Registered REST API routes for chat/v1
[19-Jul-2024 19:51:51 UTC] Fetching chat messages...
[19-Jul-2024 19:51:51 UTC] Fetched messages: [{"id":"57","content":"hi","user":"juchheim","timestamp":"2024-07-19 14:51:46","room_id":"33"}]
[19-Jul-2024 19:51:56 UTC] Registered REST API routes for chat/v1
[19-Jul-2024 19:51:56 UTC] Fetching chat messages...
[19-Jul-2024 19:51:56 UTC] Fetched messages: [{"id":"57","content":"hi","user":"juchheim","timestamp":"2024-07-19 14:51:46","room_id":"33"}]
[19-Jul-2024 19:52:01 UTC] Registered REST API routes for chat/v1
[19-Jul-2024 19:52:01 UTC] Fetching chat messages...
[19-Jul-2024 19:52:01 UTC] Fetched messages: [{"id":"57","content":"hi","user":"juchheim","timestamp":"2024-07-19 14:51:46","room_id":"33"}]
[19-Jul-2024 19:52:01 UTC] Current URL: https://juchheim.local/chat
[19-Jul-2024 19:52:01 UTC] Enqueuing script: main.js
[19-Jul-2024 19:52:01 UTC] User logged in, displaying chat app.
[19-Jul-2024 19:52:14 UTC] Registered REST API routes for chat/v1
[19-Jul-2024 19:52:14 UTC] Creating new chat room...
[19-Jul-2024 19:52:14 UTC] Created new chat room: 34
[19-Jul-2024 19:52:14 UTC] Registered REST API routes for chat/v1
[19-Jul-2024 19:52:14 UTC] Fetching chat messages...
[19-Jul-2024 19:52:14 UTC] Fetched messages: []
[19-Jul-2024 19:52:19 UTC] Registered REST API routes for chat/v1
[19-Jul-2024 19:52:19 UTC] Fetching chat messages...
[19-Jul-2024 19:52:19 UTC] Fetched messages: []
[19-Jul-2024 19:52:24 UTC] Registered REST API routes for chat/v1
[19-Jul-2024 19:52:24 UTC] Fetching chat messages...
[19-Jul-2024 19:52:24 UTC] Fetched messages: []
[19-Jul-2024 19:52:30 UTC] Registered REST API routes for chat/v1
[19-Jul-2024 19:52:30 UTC] Fetching chat messages...
[19-Jul-2024 19:52:30 UTC] Fetched messages: []
[19-Jul-2024 19:52:35 UTC] Registered REST API routes for chat/v1
[19-Jul-2024 19:52:35 UTC] Fetching chat messages...
[19-Jul-2024 19:52:35 UTC] Fetched messages: []
[19-Jul-2024 19:52:40 UTC] Registered REST API routes for chat/v1
[19-Jul-2024 19:52:40 UTC] Fetching chat messages...
[19-Jul-2024 19:52:40 UTC] Fetched messages: []
[19-Jul-2024 19:52:45 UTC] Registered REST API routes for chat/v1
[19-Jul-2024 19:52:45 UTC] Fetching chat messages...
[19-Jul-2024 19:52:45 UTC] Fetched messages: []
[19-Jul-2024 19:52:50 UTC] Registered REST API routes for chat/v1
[19-Jul-2024 19:52:50 UTC] Fetching chat messages...
[19-Jul-2024 19:52:50 UTC] Fetched messages: []
[19-Jul-2024 19:52:55 UTC] Registered REST API routes for chat/v1
[19-Jul-2024 19:52:55 UTC] Fetching chat messages...
[19-Jul-2024 19:52:55 UTC] Fetched messages: []
[19-Jul-2024 19:53:00 UTC] Registered REST API routes for chat/v1
[19-Jul-2024 19:53:00 UTC] Fetching chat messages...
[19-Jul-2024 19:53:00 UTC] Fetched messages: []
[19-Jul-2024 19:53:05 UTC] Registered REST API routes for chat/v1
[19-Jul-2024 19:53:05 UTC] Fetching chat messages...
[19-Jul-2024 19:53:05 UTC] Fetched messages: []
[19-Jul-2024 19:53:10 UTC] Registered REST API routes for chat/v1
[19-Jul-2024 19:53:10 UTC] Fetching chat messages...
[19-Jul-2024 19:53:10 UTC] Fetched messages: []
[19-Jul-2024 19:53:15 UTC] Registered REST API routes for chat/v1
[19-Jul-2024 19:53:15 UTC] Fetching chat messages...
[19-Jul-2024 19:53:15 UTC] Fetched messages: []
[19-Jul-2024 19:53:20 UTC] Registered REST API routes for chat/v1
[19-Jul-2024 19:53:20 UTC] Fetching chat messages...
[19-Jul-2024 19:53:20 UTC] Fetched messages: []
[19-Jul-2024 19:53:25 UTC] Registered REST API routes for chat/v1
[19-Jul-2024 19:53:25 UTC] Fetching chat messages...
[19-Jul-2024 19:53:25 UTC] Fetched messages: []
[19-Jul-2024 19:53:37 UTC] Registered REST API routes for chat/v1
[19-Jul-2024 19:53:37 UTC] Fetching chat messages...
[19-Jul-2024 19:53:37 UTC] Fetched messages: []
[19-Jul-2024 19:54:37 UTC] Registered REST API routes for chat/v1
[19-Jul-2024 19:54:37 UTC] Fetching chat messages...
[19-Jul-2024 19:54:37 UTC] Fetched messages: []
[19-Jul-2024 19:55:37 UTC] Registered REST API routes for chat/v1
[19-Jul-2024 19:55:37 UTC] Fetching chat messages...
[19-Jul-2024 19:55:37 UTC] Fetched messages: []
[19-Jul-2024 19:56:37 UTC] Registered REST API routes for chat/v1
[19-Jul-2024 19:56:37 UTC] Fetching chat messages...
[19-Jul-2024 19:56:37 UTC] Fetched messages: []
[19-Jul-2024 19:57:37 UTC] Registered REST API routes for chat/v1
[19-Jul-2024 19:57:37 UTC] Fetching chat messages...
[19-Jul-2024 19:57:37 UTC] Fetched messages: []
[19-Jul-2024 19:58:22 UTC] Registered REST API routes for chat/v1
[19-Jul-2024 19:58:22 UTC] Fetching chat messages...
[19-Jul-2024 19:58:22 UTC] Fetched messages: []
[19-Jul-2024 19:58:23 UTC] Current URL: https://juchheim.local/chat
[19-Jul-2024 19:58:23 UTC] Enqueuing script: main.js
[19-Jul-2024 19:58:23 UTC] User logged in, displaying chat app.
[19-Jul-2024 19:58:25 UTC] Registered REST API routes for chat/v1
[19-Jul-2024 19:58:25 UTC] Creating new chat room...
[19-Jul-2024 19:58:25 UTC] Created new chat room: 35
[19-Jul-2024 19:58:26 UTC] Registered REST API routes for chat/v1
[19-Jul-2024 19:58:26 UTC] Fetching chat messages...
[19-Jul-2024 19:58:26 UTC] Fetched messages: []
[19-Jul-2024 19:58:27 UTC] Current URL: https://juchheim.local/chat
[19-Jul-2024 19:58:27 UTC] Enqueuing script: main.js
[19-Jul-2024 19:58:27 UTC] User logged in, displaying chat app.
[19-Jul-2024 19:58:30 UTC] Registered REST API routes for chat/v1
[19-Jul-2024 19:58:30 UTC] Fetching chat rooms...
[19-Jul-2024 19:58:30 UTC] Fetched chat rooms: [{"id":"35","created_by":"","created_at":"2024-07-19 14:58:25"},{"id":"34","created_by":"","created_at":"2024-07-19 14:52:14"},{"id":"33","created_by":"","created_at":"2024-07-19 14:51:41"},{"id":"32","created_by":"","created_at":"2024-07-19 14:14:20"},{"id":"31","created_by":"","created_at":"2024-07-19 14:00:46"},{"id":"30","created_by":"","created_at":"2024-07-19 14:00:09"},{"id":"29","created_by":"","created_at":"2024-07-19 13:51:31"},{"id":"28","created_by":"","created_at":"2024-07-19 13:47:59"},{"id":"27","created_by":"","created_at":"2024-07-19 13:42:52"},{"id":"26","created_by":"","created_at":"2024-07-19 13:36:30"},{"id":"25","created_by":"","created_at":"2024-07-19 13:30:10"},{"id":"24","created_by":"","created_at":"2024-07-19 13:29:28"},{"id":"23","created_by":"","created_at":"2024-07-19 11:10:53"},{"id":"22","created_by":"","created_at":"2024-07-19 10:57:55"},{"id":"21","created_by":"","created_at":"2024-07-19 10:22:22"},{"id":"20","created_by":"","created_at":"2024-07-19 10:03:37"},{"id":"19","created_by":"","created_at":"2024-07-18 18:50:44"},{"id":"18","created_by":"","created_at":"2024-07-18 18:37:05"},{"id":"17","created_by":"","created_at":"2024-07-18 18:08:28"},{"id":"16","created_by":"","created_at":"2024-07-18 17:57:54"},{"id":"15","created_by":"","created_at":"2024-07-18 17:55:52"},{"id":"14","created_by":"","created_at":"2024-07-18 17:39:22"},{"id":"13","created_by":"","created_at":"2024-07-18 17:37:52"},{"id":"12","created_by":"","created_at":"2024-07-18 17:37:20"},{"id":"11","created_by":"","created_at":"2024-07-18 17:24:12"},{"id":"10","created_by":"","created_at":"2024-07-18 17:18:23"},{"id":"9","created_by":"","created_at":"2024-07-18 17:16:01"},{"id":"8","created_by":"","created_at":"2024-07-18 08:28:39"},{"id":"7","created_by":"","created_at":"2024-07-17 21:22:21"},{"id":"6","created_by":"","created_at":"2024-07-17 21:12:33"},{"id":"5","created_by":"","created_at":"2024-07-17 20:40:29"},{"id":"4","created_by":"","created_at":"2024-07-17 20:37:49"},{"id":"3","created_by":"","created_at":"2024-07-17 20:33:03"},{"id":"2","created_by":"","created_at":"2024-07-17 20:27:52"},{"id":"1","created_by":"","created_at":"2024-07-17 20:26:30"}]
[19-Jul-2024 19:59:37 UTC] Current URL: https://juchheim.local/chat
[19-Jul-2024 19:59:37 UTC] Enqueuing script: main.js
[19-Jul-2024 19:59:37 UTC] User logged in, displaying chat app.
[19-Jul-2024 19:59:40 UTC] Registered REST API routes for chat/v1
[19-Jul-2024 19:59:40 UTC] Creating new chat room...
[19-Jul-2024 19:59:40 UTC] Created new chat room: 36
[19-Jul-2024 19:59:42 UTC] Current URL: https://juchheim.local/chat
[19-Jul-2024 19:59:42 UTC] Enqueuing script: main.js
[19-Jul-2024 19:59:42 UTC] User logged in, displaying chat app.
[19-Jul-2024 19:59:54 UTC] Registered REST API routes for chat/v1
[19-Jul-2024 19:59:54 UTC] Creating new chat room...
[19-Jul-2024 19:59:54 UTC] Created new chat room: 37
[19-Jul-2024 20:00:04 UTC] Current URL: https://juchheim.local/chat
[19-Jul-2024 20:00:04 UTC] Enqueuing script: main.js
[19-Jul-2024 20:00:04 UTC] User logged in, displaying chat app.
[19-Jul-2024 20:03:00 UTC] PHP Notice:  Function register_rest_route was called incorrectly. The REST API route definition for juchheim-stripe/v1/webhook is missing the required permission_callback argument. For REST API routes that are intended to be public, use __return_true as the permission callback. Please see <a>Debugging in WordPress</a> for more information. (This message was added in version 5.5.0.) in /Users/ejuchheim/Local Sites/juchheim/app/public/wp-includes/functions.php on line 6078
[19-Jul-2024 20:03:00 UTC] Registered REST API routes for chat/v1
[19-Jul-2024 20:03:00 UTC] PHP Notice:  Function register_rest_route was called incorrectly. The REST API route definition for custom/v1/checkout is missing the required permission_callback argument. For REST API routes that are intended to be public, use __return_true as the permission callback. Please see <a>Debugging in WordPress</a> for more information. (This message was added in version 5.5.0.) in /Users/ejuchheim/Local Sites/juchheim/app/public/wp-includes/functions.php on line 6078
[19-Jul-2024 20:03:00 UTC] PHP Notice:  Function register_rest_route was called incorrectly. The REST API route definition for custom/v1/webhook is missing the required permission_callback argument. For REST API routes that are intended to be public, use __return_true as the permission callback. Please see <a>Debugging in WordPress</a> for more information. (This message was added in version 5.5.0.) in /Users/ejuchheim/Local Sites/juchheim/app/public/wp-includes/functions.php on line 6078
[19-Jul-2024 20:03:00 UTC] User logged in, displaying chat app.
[19-Jul-2024 20:03:03 UTC] Registered REST API routes for chat/v1
[19-Jul-2024 20:03:03 UTC] Registered REST API routes for chat/v1
[19-Jul-2024 20:03:03 UTC] Registered REST API routes for chat/v1
[19-Jul-2024 20:03:03 UTC] Registered REST API routes for chat/v1
[19-Jul-2024 20:03:03 UTC] Registered REST API routes for chat/v1
[19-Jul-2024 20:03:03 UTC] Registered REST API routes for chat/v1
[19-Jul-2024 20:03:03 UTC] Registered REST API routes for chat/v1
[19-Jul-2024 20:03:03 UTC] Registered REST API routes for chat/v1
[19-Jul-2024 20:03:03 UTC] Registered REST API routes for chat/v1
[19-Jul-2024 20:03:03 UTC] Registered REST API routes for chat/v1
